<?xml version="1.0" encoding="UTF-8"?>
<robot generator="Robot 4.0 (Python 3.9.2 on darwin)" generated="20210415 01:32:36.142" rpa="false" schemaversion="2">
<suite id="s1" name="Endtoend" source="/Users/nikitha/PycharmProjects/dbtesting1/Test/EndtoEnd/endtoend.robot">
<kw name="Connect To Mongodb" library="MongoDBLibrary" type="SETUP">
<arg>mongodb+srv://admin:admin@taskapp.bytgp.mongodb.net/</arg>
<doc>Loads pymongo and connects to the MongoDB host using parameters submitted.</doc>
<status status="PASS" starttime="20210415 01:32:37.302" endtime="20210415 01:32:37.641"/>
</kw>
<test id="s1-t1" name="Collecting data from frontend">
<kw name="data to be accessed from frontend" library="front">
<var>@{frontcount}</var>
<kw name="Loging into the webpage" library="fronttest">
<kw name="Open Browser" library="SeleniumLibrary">
<doc>Opens a new browser instance to the optional ``url``.</doc>
<msg timestamp="20210415 01:32:37.644" level="INFO">Opening browser 'firefox' to base url 'None'.</msg>
<msg timestamp="20210415 01:32:37.649" level="INFO">Firefox driver log is always forced to to: /Users/nikitha/PycharmProjects/dbtesting1/result/geckodriver-28.log</msg>
<status status="PASS" starttime="20210415 01:32:37.644" endtime="20210415 01:32:43.657"/>
</kw>
<kw name="Go To" library="SeleniumLibrary">
<arg>${URL}</arg>
<doc>Navigates the current browser window to the provided ``url``.</doc>
<msg timestamp="20210415 01:32:43.658" level="INFO">Opening url 'https://ikarya.metricbees.com/'</msg>
<status status="PASS" starttime="20210415 01:32:43.657" endtime="20210415 01:32:49.897"/>
</kw>
<kw name="Input Text" library="SeleniumLibrary">
<arg>${LOGIN_EMAIL_FIELD}</arg>
<arg>${EMAIL}</arg>
<doc>Types the given ``text`` into the text field identified by ``locator``.</doc>
<msg timestamp="20210415 01:32:49.901" level="INFO">Typing text 'aarthi.badam55@gmail.com' into text field 'xpath=//*[@id="input-82"]'.</msg>
<status status="PASS" starttime="20210415 01:32:49.898" endtime="20210415 01:32:50.092"/>
</kw>
<kw name="Input Text" library="SeleniumLibrary">
<arg>${LOGIN_PASS_FIELD}</arg>
<arg>${PASSWORD}</arg>
<doc>Types the given ``text`` into the text field identified by ``locator``.</doc>
<msg timestamp="20210415 01:32:50.094" level="INFO">Typing text 'bla@aarthi' into text field 'xpath=//*[@id="input-85"]'.</msg>
<status status="PASS" starttime="20210415 01:32:50.093" endtime="20210415 01:32:50.260"/>
</kw>
<kw name="Click Button" library="SeleniumLibrary">
<arg>${LOGIN_BUTTON}</arg>
<doc>Clicks the button identified by ``locator``.</doc>
<msg timestamp="20210415 01:32:50.262" level="INFO">Clicking button 'css=#app &gt; div &gt; div &gt; div &gt; main &gt; div &gt; div &gt; div &gt; div &gt; form &gt; div &gt; div.v-card__actions &gt; div &gt; button.v-btn.v-btn--is-elevated.v-btn--has-bg.theme--light.v-size--default.primary'.</msg>
<status status="PASS" starttime="20210415 01:32:50.261" endtime="20210415 01:32:50.642"/>
</kw>
<kw name="Wait Until Page Contains" library="SeleniumLibrary">
<arg>Open</arg>
<doc>Waits until ``text`` appears on the current page.</doc>
<status status="PASS" starttime="20210415 01:32:50.642" endtime="20210415 01:32:53.229"/>
</kw>
<kw name="Log" library="BuiltIn">
<arg>Login Sucessfull</arg>
<doc>Logs the given message with the given level.</doc>
<msg timestamp="20210415 01:32:53.230" level="INFO">Login Sucessfull</msg>
<status status="PASS" starttime="20210415 01:32:53.229" endtime="20210415 01:32:53.230"/>
</kw>
<kw name="Sleep" library="BuiltIn">
<arg>10s</arg>
<doc>Pauses the test executed for the given time.</doc>
<msg timestamp="20210415 01:33:03.234" level="INFO">Slept 10 seconds</msg>
<status status="PASS" starttime="20210415 01:32:53.231" endtime="20210415 01:33:03.234"/>
</kw>
<status status="PASS" starttime="20210415 01:32:37.643" endtime="20210415 01:33:03.235"/>
</kw>
<kw name="Collecting the data" library="fronttest">
<var>@{frontCount}</var>
<kw name="Get Text" library="SeleniumLibrary">
<var>${OPEN}</var>
<arg>xpath=//*[@id="app"]/div/div/div/main/div/div/div/div/div[1]/div[1]/div/div[1]/div[2]/div/div</arg>
<doc>Returns the text value of the element identified by ``locator``.</doc>
<msg timestamp="20210415 01:33:03.261" level="INFO">${OPEN} = 5</msg>
<status status="PASS" starttime="20210415 01:33:03.235" endtime="20210415 01:33:03.262"/>
</kw>
<kw name="Get Text" library="SeleniumLibrary">
<var>${In-Progress}</var>
<arg>xpath=//*[@id="app"]/div/div/div/main/div/div/div/div/div[1]/div[2]/div/div[1]/div[2]/div/div</arg>
<doc>Returns the text value of the element identified by ``locator``.</doc>
<msg timestamp="20210415 01:33:03.278" level="INFO">${In-Progress} = 2</msg>
<status status="PASS" starttime="20210415 01:33:03.262" endtime="20210415 01:33:03.278"/>
</kw>
<kw name="Get Text" library="SeleniumLibrary">
<var>${DELAYED}</var>
<arg>xpath=//*[@id="app"]/div/div/div/main/div/div/div/div/div[1]/div[3]/div/div[1]/div[2]/div/div</arg>
<doc>Returns the text value of the element identified by ``locator``.</doc>
<msg timestamp="20210415 01:33:03.295" level="INFO">${DELAYED} = 0</msg>
<status status="PASS" starttime="20210415 01:33:03.278" endtime="20210415 01:33:03.295"/>
</kw>
<kw name="Get Text" library="SeleniumLibrary">
<var>${ON-HOLD}</var>
<arg>xpath=//*[@id="app"]/div/div/div/main/div/div/div/div/div[1]/div[4]/div/div[1]/div[2]/div/div</arg>
<doc>Returns the text value of the element identified by ``locator``.</doc>
<msg timestamp="20210415 01:33:03.310" level="INFO">${ON-HOLD} = 1</msg>
<status status="PASS" starttime="20210415 01:33:03.296" endtime="20210415 01:33:03.310"/>
</kw>
<kw name="Create List" library="BuiltIn">
<var>@{counts}</var>
<arg>${ON-HOLD}</arg>
<arg>${In-Progress}</arg>
<arg>${Open}</arg>
<arg>${Delayed}</arg>
<doc>Returns a list containing given items.</doc>
<msg timestamp="20210415 01:33:03.311" level="INFO">@{counts} = [ 1 | 2 | 5 | 0 ]</msg>
<status status="PASS" starttime="20210415 01:33:03.310" endtime="20210415 01:33:03.311"/>
</kw>
<msg timestamp="20210415 01:33:03.311" level="INFO">@{frontCount} = [ 1 | 2 | 5 | 0 ]</msg>
<status status="PASS" starttime="20210415 01:33:03.235" endtime="20210415 01:33:03.311"/>
</kw>
<kw name="creating the new setup" library="fronttest">
<kw name="Click Element" library="SeleniumLibrary">
<arg>${PROJECTS_BUTTON}</arg>
<doc>Click the element identified by ``locator``.</doc>
<msg timestamp="20210415 01:33:03.312" level="INFO">Clicking element 'xpath=/html/body/div[1]/div/div/div/div[2]/div/nav/div[1]/div/div/div[1]/div[1]/div[1]/div[2]/div'.</msg>
<status status="PASS" starttime="20210415 01:33:03.312" endtime="20210415 01:33:03.561"/>
</kw>
<kw name="Wait Until Page Contains" library="SeleniumLibrary">
<arg>New Setup</arg>
<doc>Waits until ``text`` appears on the current page.</doc>
<status status="PASS" starttime="20210415 01:33:03.561" endtime="20210415 01:33:03.585"/>
</kw>
<kw name="Click Element" library="SeleniumLibrary">
<arg>${NEW_SETUP}</arg>
<doc>Click the element identified by ``locator``.</doc>
<msg timestamp="20210415 01:33:03.585" level="INFO">Clicking element 'xpath=/html/body/div[1]/div/div/div/div[2]/div/nav/div[1]/div/div/div[1]/div[2]/a[1]/div[2]/div'.</msg>
<status status="PASS" starttime="20210415 01:33:03.585" endtime="20210415 01:33:04.289"/>
</kw>
<kw name="Sleep" library="BuiltIn">
<arg>10s</arg>
<doc>Pauses the test executed for the given time.</doc>
<msg timestamp="20210415 01:33:14.291" level="INFO">Slept 10 seconds</msg>
<status status="PASS" starttime="20210415 01:33:04.289" endtime="20210415 01:33:14.291"/>
</kw>
<kw name="Log" library="BuiltIn">
<arg>success</arg>
<doc>Logs the given message with the given level.</doc>
<msg timestamp="20210415 01:33:14.292" level="INFO">success</msg>
<status status="PASS" starttime="20210415 01:33:14.292" endtime="20210415 01:33:14.292"/>
</kw>
<status status="PASS" starttime="20210415 01:33:03.311" endtime="20210415 01:33:14.293"/>
</kw>
<kw name="filling the form" library="fronttest">
<kw name="Click Element" library="SeleniumLibrary">
<arg>${DATA_PATH}</arg>
<doc>Click the element identified by ``locator``.</doc>
<msg timestamp="20210415 01:33:14.294" level="INFO">Clicking element 'xpath=//*[@id="input-161"]'.</msg>
<status status="PASS" starttime="20210415 01:33:14.294" endtime="20210415 01:33:14.564"/>
</kw>
<kw name="Mouse Down" library="SeleniumLibrary">
<arg>css=#list-item-256-0 &gt; div:nth-child(1) &gt; div:nth-child(1)</arg>
<doc>Simulates pressing the left mouse button on the element ``locator``.</doc>
<msg timestamp="20210415 01:33:14.565" level="INFO">Simulating Mouse Down on element 'css=#list-item-256-0 &gt; div:nth-child(1) &gt; div:nth-child(1)'.</msg>
<status status="PASS" starttime="20210415 01:33:14.564" endtime="20210415 01:33:14.850"/>
</kw>
<kw name="Click Element" library="SeleniumLibrary">
<arg>css=#list-item-256-0 &gt; div:nth-child(1) &gt; div:nth-child(1)</arg>
<doc>Click the element identified by ``locator``.</doc>
<msg timestamp="20210415 01:33:14.850" level="INFO">Clicking element 'css=#list-item-256-0 &gt; div:nth-child(1) &gt; div:nth-child(1)'.</msg>
<status status="PASS" starttime="20210415 01:33:14.850" endtime="20210415 01:33:15.152"/>
</kw>
<kw name="Input Text" library="SeleniumLibrary">
<arg>${PROJECT_NAME}</arg>
<arg>ABC</arg>
<doc>Types the given ``text`` into the text field identified by ``locator``.</doc>
<msg timestamp="20210415 01:33:15.152" level="INFO">Typing text 'ABC' into text field 'xpath=//*[@id="input-166"]'.</msg>
<status status="PASS" starttime="20210415 01:33:15.152" endtime="20210415 01:33:15.302"/>
</kw>
<kw name="Click Element" library="SeleniumLibrary">
<arg>${CLIENT}</arg>
<doc>Click the element identified by ``locator``.</doc>
<msg timestamp="20210415 01:33:15.303" level="INFO">Clicking element 'xpath=//*[@id="input-169"]'.</msg>
<status status="PASS" starttime="20210415 01:33:15.302" endtime="20210415 01:33:15.593"/>
</kw>
<kw name="Mouse Down" library="SeleniumLibrary">
<arg>css=#list-item-261-1 &gt; div:nth-child(1) &gt; div:nth-child(1)</arg>
<doc>Simulates pressing the left mouse button on the element ``locator``.</doc>
<msg timestamp="20210415 01:33:15.594" level="INFO">Simulating Mouse Down on element 'css=#list-item-261-1 &gt; div:nth-child(1) &gt; div:nth-child(1)'.</msg>
<status status="PASS" starttime="20210415 01:33:15.594" endtime="20210415 01:33:15.880"/>
</kw>
<kw name="Click Element" library="SeleniumLibrary">
<arg>css=#list-item-261-1 &gt; div:nth-child(1) &gt; div:nth-child(1)</arg>
<doc>Click the element identified by ``locator``.</doc>
<msg timestamp="20210415 01:33:15.881" level="INFO">Clicking element 'css=#list-item-261-1 &gt; div:nth-child(1) &gt; div:nth-child(1)'.</msg>
<status status="PASS" starttime="20210415 01:33:15.880" endtime="20210415 01:33:16.170"/>
</kw>
<kw name="Input Text" library="SeleniumLibrary">
<arg>${DESCRIPTION}</arg>
<arg>This project has an update about new version of BMW.</arg>
<doc>Types the given ``text`` into the text field identified by ``locator``.</doc>
<msg timestamp="20210415 01:33:16.171" level="INFO">Typing text 'This project has an update about new version of BMW.' into text field 'xpath=//*[@id="input-175"]'.</msg>
<status status="PASS" starttime="20210415 01:33:16.170" endtime="20210415 01:33:16.318"/>
</kw>
<kw name="Click Element" library="SeleniumLibrary">
<arg>${ORGANISER}</arg>
<doc>Click the element identified by ``locator``.</doc>
<msg timestamp="20210415 01:33:16.319" level="INFO">Clicking element 'xpath=//*[@id="input-180"]'.</msg>
<status status="PASS" starttime="20210415 01:33:16.318" endtime="20210415 01:33:16.631"/>
</kw>
<kw name="Mouse Down" library="SeleniumLibrary">
<arg>css=#list-item-270-2 &gt; div:nth-child(1) &gt; div:nth-child(1)</arg>
<doc>Simulates pressing the left mouse button on the element ``locator``.</doc>
<msg timestamp="20210415 01:33:16.632" level="INFO">Simulating Mouse Down on element 'css=#list-item-270-2 &gt; div:nth-child(1) &gt; div:nth-child(1)'.</msg>
<status status="PASS" starttime="20210415 01:33:16.632" endtime="20210415 01:33:16.909"/>
</kw>
<kw name="Click Element" library="SeleniumLibrary">
<arg>css=#list-item-270-2 &gt; div:nth-child(1) &gt; div:nth-child(1)</arg>
<doc>Click the element identified by ``locator``.</doc>
<msg timestamp="20210415 01:33:16.910" level="INFO">Clicking element 'css=#list-item-270-2 &gt; div:nth-child(1) &gt; div:nth-child(1)'.</msg>
<status status="PASS" starttime="20210415 01:33:16.909" endtime="20210415 01:33:17.181"/>
</kw>
<kw name="Click Element" library="SeleniumLibrary">
<arg>${ASSIGNEE}</arg>
<doc>Click the element identified by ``locator``.</doc>
<msg timestamp="20210415 01:33:17.181" level="INFO">Clicking element 'xpath=//*[@id="input-186"]'.</msg>
<status status="PASS" starttime="20210415 01:33:17.181" endtime="20210415 01:33:17.450"/>
</kw>
<kw name="Mouse Down" library="SeleniumLibrary">
<arg>css=#list-item-277-2 &gt; div:nth-child(1) &gt; div:nth-child(1)</arg>
<doc>Simulates pressing the left mouse button on the element ``locator``.</doc>
<msg timestamp="20210415 01:33:17.450" level="INFO">Simulating Mouse Down on element 'css=#list-item-277-2 &gt; div:nth-child(1) &gt; div:nth-child(1)'.</msg>
<status status="PASS" starttime="20210415 01:33:17.450" endtime="20210415 01:33:17.723"/>
</kw>
<kw name="Click Element" library="SeleniumLibrary">
<arg>css=#list-item-277-2 &gt; div:nth-child(1) &gt; div:nth-child(1)</arg>
<doc>Click the element identified by ``locator``.</doc>
<msg timestamp="20210415 01:33:17.723" level="INFO">Clicking element 'css=#list-item-277-2 &gt; div:nth-child(1) &gt; div:nth-child(1)'.</msg>
<status status="PASS" starttime="20210415 01:33:17.723" endtime="20210415 01:33:18.001"/>
</kw>
<status status="PASS" starttime="20210415 01:33:14.293" endtime="20210415 01:33:18.001"/>
</kw>
<kw name="Select Date" library="fronttest">
<kw name="click back month" library="fronttest">
<kw name="Click Element" library="SeleniumLibrary">
<arg>${DUE_BY}</arg>
<doc>Click the element identified by ``locator``.</doc>
<msg timestamp="20210415 01:33:18.003" level="INFO">Clicking element 'xpath=//*[@id="input-194"]'.</msg>
<status status="PASS" starttime="20210415 01:33:18.003" endtime="20210415 01:33:18.338"/>
</kw>
<kw name="Mouse Over" library="SeleniumLibrary">
<arg>css=.v-date-picker-header &gt; button:nth-child(1)</arg>
<doc>Simulates hovering the mouse over the element ``locator``.</doc>
<msg timestamp="20210415 01:33:18.340" level="INFO">Simulating Mouse Over on element 'css=.v-date-picker-header &gt; button:nth-child(1)'.</msg>
<status status="PASS" starttime="20210415 01:33:18.338" endtime="20210415 01:33:18.632"/>
</kw>
<kw name="Click Element" library="SeleniumLibrary">
<arg>css=.v-date-picker-header &gt; button:nth-child(1)</arg>
<doc>Click the element identified by ``locator``.</doc>
<msg timestamp="20210415 01:33:18.633" level="INFO">Clicking element 'css=.v-date-picker-header &gt; button:nth-child(1)'.</msg>
<status status="PASS" starttime="20210415 01:33:18.632" endtime="20210415 01:33:18.888"/>
</kw>
<status status="PASS" starttime="20210415 01:33:18.002" endtime="20210415 01:33:18.889"/>
</kw>
<kw name="click next month" library="fronttest">
<kw name="Mouse Over" library="SeleniumLibrary">
<arg>css=button.v-btn:nth-child(3)</arg>
<doc>Simulates hovering the mouse over the element ``locator``.</doc>
<msg timestamp="20210415 01:33:18.890" level="INFO">Simulating Mouse Over on element 'css=button.v-btn:nth-child(3)'.</msg>
<status status="PASS" starttime="20210415 01:33:18.890" endtime="20210415 01:33:19.172"/>
</kw>
<kw name="Click Element" library="SeleniumLibrary">
<arg>css=button.v-btn:nth-child(3)</arg>
<doc>Click the element identified by ``locator``.</doc>
<msg timestamp="20210415 01:33:19.173" level="INFO">Clicking element 'css=button.v-btn:nth-child(3)'.</msg>
<status status="PASS" starttime="20210415 01:33:19.172" endtime="20210415 01:33:19.423"/>
</kw>
<status status="PASS" starttime="20210415 01:33:18.889" endtime="20210415 01:33:19.423"/>
</kw>
<kw name="Sleep" library="BuiltIn">
<arg>10s</arg>
<doc>Pauses the test executed for the given time.</doc>
<msg timestamp="20210415 01:33:29.426" level="INFO">Slept 10 seconds</msg>
<status status="PASS" starttime="20210415 01:33:19.424" endtime="20210415 01:33:29.426"/>
</kw>
<kw name="Click Element" library="SeleniumLibrary">
<arg>xpath=/html/body/div[1]/div[6]/div/div/div/div[2]/table/tbody/tr[5]/td[1]/button/div</arg>
<doc>Click the element identified by ``locator``.</doc>
<msg timestamp="20210415 01:33:29.427" level="INFO">Clicking element 'xpath=/html/body/div[1]/div[6]/div/div/div/div[2]/table/tbody/tr[5]/td[1]/button/div'.</msg>
<status status="PASS" starttime="20210415 01:33:29.426" endtime="20210415 01:33:29.732"/>
</kw>
<kw name="Get Element Attribute" library="SeleniumLibrary">
<var>${value}</var>
<arg>id=input-194</arg>
<arg>value</arg>
<doc>Returns the value of ``attribute`` from the element ``locator``.</doc>
<msg timestamp="20210415 01:33:29.762" level="INFO">${value} = 2021-04-25</msg>
<status status="PASS" starttime="20210415 01:33:29.733" endtime="20210415 01:33:29.762"/>
</kw>
<kw name="Should Be Equal As Strings" library="BuiltIn">
<arg>${value}</arg>
<arg>2021-04-25</arg>
<doc>Fails if objects are unequal after converting them to strings.</doc>
<status status="PASS" starttime="20210415 01:33:29.763" endtime="20210415 01:33:29.764"/>
</kw>
<status status="PASS" starttime="20210415 01:33:18.002" endtime="20210415 01:33:29.764"/>
</kw>
<msg timestamp="20210415 01:33:29.765" level="INFO">@{frontcount} = [ 1 | 2 | 5 | 0 ]</msg>
<status status="PASS" starttime="20210415 01:32:37.643" endtime="20210415 01:33:29.765"/>
</kw>
<kw name="Log Many" library="BuiltIn">
<arg>@{frontcount}</arg>
<doc>Logs the given messages as separate entries using the INFO level.</doc>
<msg timestamp="20210415 01:33:29.766" level="INFO">1</msg>
<msg timestamp="20210415 01:33:29.766" level="INFO">2</msg>
<msg timestamp="20210415 01:33:29.766" level="INFO">5</msg>
<msg timestamp="20210415 01:33:29.766" level="INFO">0</msg>
<status status="PASS" starttime="20210415 01:33:29.765" endtime="20210415 01:33:29.766"/>
</kw>
<tag>Login</tag>
<status status="PASS" starttime="20210415 01:32:37.642" endtime="20210415 01:33:29.766"/>
</test>
<kw name="Disconnect From Mongodb" library="MongoDBLibrary" type="TEARDOWN">
<doc>Disconnects from the MongoDB server.</doc>
<status status="PASS" starttime="20210415 01:33:29.770" endtime="20210415 01:33:29.773"/>
</kw>
<status status="PASS" starttime="20210415 01:32:36.148" endtime="20210415 01:33:29.773"/>
</suite>
<statistics>
<total>
<stat pass="1" fail="0" skip="0">All Tests</stat>
</total>
<tag>
<stat pass="1" fail="0" skip="0">Login</stat>
</tag>
<suite>
<stat pass="1" fail="0" skip="0" id="s1" name="Endtoend">Endtoend</stat>
</suite>
</statistics>
<errors>
</errors>
</robot>
